<?xml version="1.0" encoding="UTF-8"?>
<testsuite name="edu.umn.cs.csci3081w.project.model.RouteTest" tests="9" skipped="0" failures="0" errors="0" timestamp="2024-11-19T22:58:41" hostname="Paulinas-MacBook-Pro-2.local" time="0.027">
  <properties/>
  <testcase name="testPrevStop()" classname="edu.umn.cs.csci3081w.project.model.RouteTest" time="0.001"/>
  <testcase name="testConstructorNormal()" classname="edu.umn.cs.csci3081w.project.model.RouteTest" time="0.0"/>
  <testcase name="testShallowCopy()" classname="edu.umn.cs.csci3081w.project.model.RouteTest" time="0.0"/>
  <testcase name="testGenerateNewPassengers()" classname="edu.umn.cs.csci3081w.project.model.RouteTest" time="0.001"/>
  <testcase name="testIsAtEnd()" classname="edu.umn.cs.csci3081w.project.model.RouteTest" time="0.001"/>
  <testcase name="testReport()" classname="edu.umn.cs.csci3081w.project.model.RouteTest" time="0.018"/>
  <testcase name="testUpdate()" classname="edu.umn.cs.csci3081w.project.model.RouteTest" time="0.001"/>
  <testcase name="testGetNextStopDistance()" classname="edu.umn.cs.csci3081w.project.model.RouteTest" time="0.0"/>
  <testcase name="testNextStop()" classname="edu.umn.cs.csci3081w.project.model.RouteTest" time="0.0"/>
  <system-out><![CDATA[]]></system-out>
  <system-err><![CDATA[]]></system-err>
</testsuite>
