<?xml version="1.0" encoding="UTF-8"?>
<testsuite name="edu.umn.cs.csci3081w.project.model.PassengerFactoryTest" tests="3" skipped="0" failures="0" errors="0" timestamp="2024-11-19T22:58:41" hostname="Paulinas-MacBook-Pro-2.local" time="0.009">
  <properties/>
  <testcase name="testNameGenerationNonDeterministic()" classname="edu.umn.cs.csci3081w.project.model.PassengerFactoryTest" time="0.006"/>
  <testcase name="testNameGenerationDeterministic()" classname="edu.umn.cs.csci3081w.project.model.PassengerFactoryTest" time="0.001"/>
  <testcase name="testGeneratePassengerNonDeterministic()" classname="edu.umn.cs.csci3081w.project.model.PassengerFactoryTest" time="0.001"/>
  <system-out><![CDATA[]]></system-out>
  <system-err><![CDATA[]]></system-err>
</testsuite>
