<?xml version="1.0" encoding="UTF-8"?>
<testsuite name="edu.umn.cs.csci3081w.project.model.StopTest" tests="8" skipped="0" failures="0" errors="0" timestamp="2024-11-19T22:58:41" hostname="Paulinas-MacBook-Pro-2.local" time="0.015">
  <properties/>
  <testcase name="testAddPassengers()" classname="edu.umn.cs.csci3081w.project.model.StopTest" time="0.0"/>
  <testcase name="testConstructorNormal()" classname="edu.umn.cs.csci3081w.project.model.StopTest" time="0.0"/>
  <testcase name="testLoadPassengersEmptyStopEmptyBus()" classname="edu.umn.cs.csci3081w.project.model.StopTest" time="0.001"/>
  <testcase name="testLoadPassengersEmptyStopFullBus()" classname="edu.umn.cs.csci3081w.project.model.StopTest" time="0.001"/>
  <testcase name="testLoadPassengersNonEmptyStopFullBus()" classname="edu.umn.cs.csci3081w.project.model.StopTest" time="0.001"/>
  <testcase name="testStopReportWithPassenger()" classname="edu.umn.cs.csci3081w.project.model.StopTest" time="0.006"/>
  <testcase name="testLoadPassengersNonEmptyStopEmptyBus()" classname="edu.umn.cs.csci3081w.project.model.StopTest" time="0.001"/>
  <testcase name="testStopReportNoPassengers()" classname="edu.umn.cs.csci3081w.project.model.StopTest" time="0.004"/>
  <system-out><![CDATA[]]></system-out>
  <system-err><![CDATA[]]></system-err>
</testsuite>
