<?xml version="1.0" encoding="UTF-8"?>
<testsuite name="edu.umn.cs.csci3081w.project.model.VehicleSubjectTest" tests="3" skipped="0" failures="0" errors="0" timestamp="2024-11-19T22:58:41" hostname="Paulinas-MacBook-Pro-2.local" time="0.004">
  <properties/>
  <testcase name="testNotifyObservers()" classname="edu.umn.cs.csci3081w.project.model.VehicleSubjectTest" time="0.002"/>
  <testcase name="testRemoveVehicleObserver()" classname="edu.umn.cs.csci3081w.project.model.VehicleSubjectTest" time="0.001"/>
  <testcase name="testAddVehicleObserver()" classname="edu.umn.cs.csci3081w.project.model.VehicleSubjectTest" time="0.001"/>
  <system-out><![CDATA[]]></system-out>
  <system-err><![CDATA[]]></system-err>
</testsuite>
