<?xml version="1.0" encoding="UTF-8"?>
<testsuite name="edu.umn.cs.csci3081w.project.model.LineTest" tests="3" skipped="0" failures="0" errors="0" timestamp="2024-11-19T22:58:41" hostname="Paulinas-MacBook-Pro-2.local" time="0.012">
  <properties/>
  <testcase name="testShallowCopy()" classname="edu.umn.cs.csci3081w.project.model.LineTest" time="0.002"/>
  <testcase name="testReport()" classname="edu.umn.cs.csci3081w.project.model.LineTest" time="0.007"/>
  <testcase name="testConstructor()" classname="edu.umn.cs.csci3081w.project.model.LineTest" time="0.001"/>
  <system-out><![CDATA[]]></system-out>
  <system-err><![CDATA[]]></system-err>
</testsuite>
