<?xml version="1.0" encoding="UTF-8"?>
<testsuite name="edu.umn.cs.csci3081w.project.model.CounterTest" tests="5" skipped="0" failures="0" errors="0" timestamp="2024-11-19T22:58:41" hostname="Paulinas-MacBook-Pro-2.local" time="0.009">
  <properties/>
  <testcase name="testGetTrainIdCounterAndIncrement()" classname="edu.umn.cs.csci3081w.project.model.CounterTest" time="0.001"/>
  <testcase name="testGetBusIdCounterAndIncrement()" classname="edu.umn.cs.csci3081w.project.model.CounterTest" time="0.001"/>
  <testcase name="testGetStopIdCounterAndIncrement()" classname="edu.umn.cs.csci3081w.project.model.CounterTest" time="0.0"/>
  <testcase name="testGetRouteIdCounterAndIncrement()" classname="edu.umn.cs.csci3081w.project.model.CounterTest" time="0.0"/>
  <testcase name="testGetLineIdCounterAndIncrement()" classname="edu.umn.cs.csci3081w.project.model.CounterTest" time="0.002"/>
  <system-out><![CDATA[]]></system-out>
  <system-err><![CDATA[]]></system-err>
</testsuite>
