<?xml version="1.0" encoding="UTF-8"?>
<testsuite name="edu.umn.cs.csci3081w.project.model.TrainStrategyNightTest" tests="1" skipped="0" failures="0" errors="0" timestamp="2024-11-19T22:58:41" hostname="Paulinas-MacBook-Pro-2.local" time="0.0">
  <properties/>
  <testcase name="getNextVehicle()" classname="edu.umn.cs.csci3081w.project.model.TrainStrategyNightTest" time="0.0"/>
  <system-out><![CDATA[]]></system-out>
  <system-err><![CDATA[]]></system-err>
</testsuite>
